<?xml version="1.0" encoding="UTF-8"?>
<!-- Generated by org.testng.reporters.JUnitReportReporter -->
<testsuite hostname="DESKTOP-T8H87ST" failures="0" tests="1" name="CRUDOperationsWithoutBDD.CreateProjectTest" time="8.895" errors="0" timestamp="7 Jul 2022 07:20:21 GMT">
  <testcase classname="CRUDOperationsWithoutBDD.CreateProjectTest" name="createProjectTest" time="8.895"/>
</testsuite> <!-- CRUDOperationsWithoutBDD.CreateProjectTest -->
