<?xml version="1.0" encoding="UTF-8"?>
<!-- Generated by org.testng.reporters.JUnitReportReporter -->
<testsuite hostname="DESKTOP-T8H87ST" failures="0" tests="1" name="CRUDOperationsWithoutBDD.DeleteSingleProject" time="8.795" errors="0" timestamp="7 Jul 2022 07:52:59 GMT">
  <testcase classname="CRUDOperationsWithoutBDD.DeleteSingleProject" name="deleteSingleProject" time="8.795"/>
</testsuite> <!-- CRUDOperationsWithoutBDD.DeleteSingleProject -->
