<?xml version="1.0" encoding="UTF-8"?>
<!-- Generated by org.testng.reporters.JUnitReportReporter -->
<testsuite hostname="DESKTOP-T8H87ST" failures="0" tests="1" name="CRUDOperationsWithoutBDD.UpdateProjectTest" time="6.396" errors="0" timestamp="7 Jul 2022 08:49:07 GMT">
  <testcase classname="CRUDOperationsWithoutBDD.UpdateProjectTest" name="updateProjectTest" time="6.396"/>
</testsuite> <!-- CRUDOperationsWithoutBDD.UpdateProjectTest -->
