<?xml version="1.0" encoding="UTF-8"?>
<!-- Generated by org.testng.reporters.JUnitReportReporter -->
<testsuite hostname="DESKTOP-T8H87ST" failures="0" tests="1" name="DiffrentWaysToPost.CreateProjectUsingHashmap" time="9.649" errors="0" timestamp="7 Jul 2022 14:00:22 GMT">
  <testcase classname="DiffrentWaysToPost.CreateProjectUsingHashmap" name="createP" time="9.649"/>
</testsuite> <!-- DiffrentWaysToPost.CreateProjectUsingHashmap -->
