<?xml version="1.0" encoding="UTF-8"?>
<!-- Generated by org.testng.reporters.JUnitReportReporter -->
<testsuite hostname="DESKTOP-T8H87ST" failures="0" tests="1" name="DiffrentWaysToPost.CreateProjectUsingJSONONFile" time="5.450" errors="0" timestamp="7 Jul 2022 14:10:56 GMT">
  <testcase classname="DiffrentWaysToPost.CreateProjectUsingJSONONFile" name="createP" time="5.450"/>
</testsuite> <!-- DiffrentWaysToPost.CreateProjectUsingJSONONFile -->
