<?xml version="1.0" encoding="UTF-8"?>
<!-- Generated by org.testng.reporters.JUnitReportReporter -->
<testsuite hostname="DESKTOP-T8H87ST" failures="0" tests="1" name="CRUDOperationsWithoutBDD.GetSingleProject" time="5.424" errors="0" timestamp="7 Jul 2022 07:46:58 GMT">
  <testcase classname="CRUDOperationsWithoutBDD.GetSingleProject" name="getSingleProject" time="5.424"/>
</testsuite> <!-- CRUDOperationsWithoutBDD.GetSingleProject -->
