<?xml version="1.0" encoding="UTF-8"?>
<!-- Generated by org.testng.reporters.JUnitReportReporter -->
<testsuite hostname="DESKTOP-T8H87ST" failures="0" tests="1" name="DiffrentWaysToPost.CreateProjectUsingPojo" time="5.284" errors="0" timestamp="8 Jul 2022 09:05:56 GMT">
  <testcase classname="DiffrentWaysToPost.CreateProjectUsingPojo" name="CreateProjectUsingPojo" time="5.284"/>
</testsuite> <!-- DiffrentWaysToPost.CreateProjectUsingPojo -->
