<?xml version="1.0" encoding="UTF-8"?>
<!-- Generated by org.testng.reporters.JUnitReportReporter -->
<testsuite hostname="DESKTOP-T8H87ST" failures="0" tests="1" name="ResponseValidation.StaticeResponseValidation" time="8.045" errors="0" timestamp="8 Jul 2022 07:32:46 GMT">
  <testcase classname="ResponseValidation.StaticeResponseValidation" name="staticeResponse" time="8.045"/>
</testsuite> <!-- ResponseValidation.StaticeResponseValidation -->
