<?xml version="1.0" encoding="UTF-8"?>
<!-- Generated by org.testng.reporters.JUnitReportReporter -->
<testsuite hostname="DESKTOP-T8H87ST" failures="0" tests="1" name="ResponseValidation.ValidationDuringCreation" time="6.248" errors="0" timestamp="8 Jul 2022 09:11:58 GMT">
  <testcase classname="ResponseValidation.ValidationDuringCreation" name="validationDuringCreation" time="6.248"/>
</testsuite> <!-- ResponseValidation.ValidationDuringCreation -->
