<?xml version="1.0" encoding="UTF-8"?>
<!-- Generated by org.testng.reporters.JUnitReportReporter -->
<testsuite hostname="DESKTOP-T8H87ST" failures="0" tests="1" name="CRUDOperationsWithoutBDD.Practise" time="5.137" errors="0" timestamp="7 Jul 2022 08:52:07 GMT">
  <testcase classname="CRUDOperationsWithoutBDD.Practise" name="practise" time="5.137"/>
</testsuite> <!-- CRUDOperationsWithoutBDD.Practise -->
