<?xml version="1.0" encoding="UTF-8"?>
<!-- Generated by org.testng.reporters.JUnitReportReporter -->
<testsuite hostname="DESKTOP-T8H87ST" failures="0" tests="1" name="Authentication.BasicAuth" time="5.907" errors="0" timestamp="11 Jul 2022 06:57:44 GMT">
  <testcase classname="Authentication.BasicAuth" name="basicAuth" time="5.907"/>
</testsuite> <!-- Authentication.BasicAuth -->
