<?xml version="1.0" encoding="UTF-8"?>
<!-- Generated by org.testng.reporters.JUnitReportReporter -->
<testsuite hostname="DESKTOP-T8H87ST" failures="0" tests="1" name="Parameters.QueryParameter" time="6.443" errors="0" timestamp="8 Jul 2022 11:04:09 GMT">
  <testcase classname="Parameters.QueryParameter" name="query" time="6.443"/>
</testsuite> <!-- Parameters.QueryParameter -->
