<?xml version="1.0" encoding="UTF-8"?>
<!-- Generated by org.testng.reporters.JUnitReportReporter -->
<testsuite hostname="DESKTOP-T8H87ST" failures="0" tests="1" name="Authentication.Oauth2Test" time="8.043" errors="0" timestamp="11 Jul 2022 09:41:35 GMT">
  <testcase classname="Authentication.Oauth2Test" name="outh2" time="8.043"/>
</testsuite> <!-- Authentication.Oauth2Test -->
