<?xml version="1.0" encoding="UTF-8"?>
<!-- Generated by org.testng.reporters.JUnitReportReporter -->
<testsuite hostname="DESKTOP-T8H87ST" failures="0" tests="1" name="CRUDOperationWithBDD.DeleteProjectTest" time="5.695" errors="0" timestamp="7 Jul 2022 11:20:30 GMT">
  <testcase classname="CRUDOperationWithBDD.DeleteProjectTest" name="deleteProject" time="5.695"/>
</testsuite> <!-- CRUDOperationWithBDD.DeleteProjectTest -->
