<?xml version="1.0" encoding="UTF-8"?>
<!-- Generated by org.testng.reporters.JUnitReportReporter -->
<testsuite hostname="DESKTOP-T8H87ST" failures="0" tests="1" name="ResponseValidation.dynamicResponseValidation" time="6.940" errors="0" timestamp="8 Jul 2022 07:41:48 GMT">
  <testcase classname="ResponseValidation.dynamicResponseValidation" name="dynamicResponseVal" time="6.940"/>
</testsuite> <!-- ResponseValidation.dynamicResponseValidation -->
