<?xml version="1.0" encoding="UTF-8"?>
<!-- Generated by org.testng.reporters.JUnitReportReporter -->
<testsuite hostname="DESKTOP-T8H87ST" failures="0" tests="1" name="CRUDOperationWithBDD.GetSingleProjectTest" time="6.068" errors="0" timestamp="7 Jul 2022 11:44:08 GMT">
  <testcase classname="CRUDOperationWithBDD.GetSingleProjectTest" name="getSingleProject" time="6.068"/>
</testsuite> <!-- CRUDOperationWithBDD.GetSingleProjectTest -->
