<?xml version="1.0" encoding="UTF-8"?>
<!-- Generated by org.testng.reporters.JUnitReportReporter -->
<testsuite hostname="DESKTOP-T8H87ST" failures="0" tests="1" name="Authentication.BearerToken" time="9.591" errors="0" timestamp="11 Jul 2022 07:21:58 GMT">
  <testcase classname="Authentication.BearerToken" name="bearerToken" time="9.591"/>
</testsuite> <!-- Authentication.BearerToken -->
