<?xml version="1.0" encoding="UTF-8"?>
<!-- Generated by org.testng.reporters.JUnitReportReporter -->
<testsuite hostname="DESKTOP-T8H87ST" failures="0" tests="1" name="CRUDOperationsWithoutBDD.GetAllProjects" time="13.576" errors="0" timestamp="11 Jul 2022 00:59:31 GMT">
  <testcase classname="CRUDOperationsWithoutBDD.GetAllProjects" name="getAllProjects" time="13.576"/>
</testsuite> <!-- CRUDOperationsWithoutBDD.GetAllProjects -->
