<?xml version="1.0" encoding="UTF-8"?>
<!-- Generated by org.testng.reporters.JUnitReportReporter -->
<testsuite hostname="DESKTOP-T8H87ST" failures="0" tests="1" name="RequestChaining.CreateProjectGetAndUpdate" time="11.499" errors="0" timestamp="11 Jul 2022 10:07:53 GMT">
  <testcase classname="RequestChaining.CreateProjectGetAndUpdate" name="createProjectGetAndUpdate" time="11.499"/>
</testsuite> <!-- RequestChaining.CreateProjectGetAndUpdate -->
