<?xml version="1.0" encoding="UTF-8"?>
<!-- Generated by org.testng.reporters.JUnitReportReporter -->
<testsuite hostname="DESKTOP-T8H87ST" failures="0" tests="1" name="CRUDOperationWithBDD.CreateProjectTest" time="9.891" errors="0" timestamp="7 Jul 2022 11:23:54 GMT">
  <testcase classname="CRUDOperationWithBDD.CreateProjectTest" name="createProject" time="9.891"/>
</testsuite> <!-- CRUDOperationWithBDD.CreateProjectTest -->
