<?xml version="1.0" encoding="UTF-8"?>
<!-- Generated by org.testng.reporters.JUnitReportReporter -->
<testsuite hostname="DESKTOP-T8H87ST" failures="0" tests="1" name="CRUDOperationWithBDD.UpdateProjectTest" time="6.958" errors="0" timestamp="8 Jul 2022 01:40:08 GMT">
  <testcase classname="CRUDOperationWithBDD.UpdateProjectTest" name="updateProject" time="6.958"/>
</testsuite> <!-- CRUDOperationWithBDD.UpdateProjectTest -->
