<?xml version="1.0" encoding="UTF-8"?>
<!-- Generated by org.testng.reporters.JUnitReportReporter -->
<testsuite hostname="DESKTOP-T8H87ST" failures="0" tests="1" name="CRUDOperationWithBDD.GetSingleProject" time="5.949" errors="0" timestamp="8 Jul 2022 01:43:21 GMT">
  <testcase classname="CRUDOperationWithBDD.GetSingleProject" name="getSingle" time="5.949"/>
</testsuite> <!-- CRUDOperationWithBDD.GetSingleProject -->
