<?xml version="1.0" encoding="UTF-8"?>
<!-- Generated by org.testng.reporters.JUnitReportReporter -->
<testsuite hostname="DESKTOP-T8H87ST" failures="0" tests="1" name="ResponseValidation.ResponseTimeValidation" time="6.029" errors="0" timestamp="8 Jul 2022 10:13:37 GMT">
  <testcase classname="ResponseValidation.ResponseTimeValidation" name="responseTimeValidation" time="6.029"/>
</testsuite> <!-- ResponseValidation.ResponseTimeValidation -->
