<?xml version="1.0" encoding="UTF-8"?>
<!-- Generated by org.testng.reporters.JUnitReportReporter -->
<testsuite hostname="DESKTOP-T8H87ST" failures="0" tests="1" name="Parameters.PathParameter" time="5.089" errors="0" timestamp="8 Jul 2022 10:58:39 GMT">
  <testcase classname="Parameters.PathParameter" name="psth" time="5.089"/>
</testsuite> <!-- Parameters.PathParameter -->
